<?xml version="1.0" encoding="UTF-8"?>
<testng-results skipped="0" failed="0" total="1" passed="1">
  <reporter-output>
  </reporter-output>
  <suite name="Suite" duration-ms="40974" started-at="2017-03-17T06:09:17Z" finished-at="2017-03-17T06:09:57Z">
    <groups>
    </groups>
    <test name="Test" duration-ms="40974" started-at="2017-03-17T06:09:17Z" finished-at="2017-03-17T06:09:57Z">
      <class name="com.Main">
        <test-method status="PASS" signature="IMUserServerMain()[pri:0, instance:com.Main@4facf68f]" name="IMUserServerMain" duration-ms="40962" started-at="2017-03-17T14:09:17Z" finished-at="2017-03-17T14:09:57Z">
          <reporter-output>
          </reporter-output>
        </test-method> <!-- IMUserServerMain -->
      </class> <!-- com.Main -->
    </test> <!-- Test -->
  </suite> <!-- Suite -->
</testng-results>
